2024-11-01 15:33:48 DEBUG TestNG:82 -suiteXmlPath: "C:\Users\USER\eclipse-workspace\OpencartV121\grouping.xml"
2024-11-01 15:33:48 INFO  Utils:112 -[TestNG] Running:
  C:\Users\USER\eclipse-workspace\OpencartV121\grouping.xml

2024-11-01 15:34:18 DEBUG TestNG:82 -suiteXmlPath: "C:\Users\USER\eclipse-workspace\OpencartV121\master.xml"
2024-11-01 15:34:19 INFO  Utils:112 -[TestNG] Running:
  C:\Users\USER\eclipse-workspace\OpencartV121\master.xml

2024-11-01 15:34:39 DEBUG PackageRelationshipCollection:307 -Parsing relationship: /xl/_rels/workbook.xml.rels
2024-11-01 15:34:39 DEBUG PackageRelationshipCollection:307 -Parsing relationship: /xl/worksheets/_rels/sheet1.xml.rels
2024-11-01 15:34:39 DEBUG PackageRelationshipCollection:307 -Parsing relationship: /_rels/.rels
2024-11-01 15:34:41 DEBUG PackageRelationshipCollection:307 -Parsing relationship: /xl/_rels/workbook.xml.rels
2024-11-01 15:34:41 DEBUG PackageRelationshipCollection:307 -Parsing relationship: /xl/worksheets/_rels/sheet1.xml.rels
2024-11-01 15:34:41 DEBUG PackageRelationshipCollection:307 -Parsing relationship: /_rels/.rels
2024-11-01 15:34:41 DEBUG PackageRelationshipCollection:307 -Parsing relationship: /xl/_rels/workbook.xml.rels
2024-11-01 15:34:41 DEBUG PackageRelationshipCollection:307 -Parsing relationship: /xl/worksheets/_rels/sheet1.xml.rels
2024-11-01 15:34:41 DEBUG PackageRelationshipCollection:307 -Parsing relationship: /_rels/.rels
2024-11-01 15:34:41 DEBUG PackageRelationshipCollection:307 -Parsing relationship: /xl/_rels/workbook.xml.rels
2024-11-01 15:34:41 DEBUG PackageRelationshipCollection:307 -Parsing relationship: /xl/worksheets/_rels/sheet1.xml.rels
2024-11-01 15:34:41 DEBUG PackageRelationshipCollection:307 -Parsing relationship: /_rels/.rels
2024-11-01 15:34:41 DEBUG PackageRelationshipCollection:307 -Parsing relationship: /xl/_rels/workbook.xml.rels
2024-11-01 15:34:41 DEBUG PackageRelationshipCollection:307 -Parsing relationship: /xl/worksheets/_rels/sheet1.xml.rels
2024-11-01 15:34:41 DEBUG PackageRelationshipCollection:307 -Parsing relationship: /_rels/.rels
2024-11-01 15:34:41 DEBUG PackageRelationshipCollection:307 -Parsing relationship: /xl/_rels/workbook.xml.rels
2024-11-01 15:34:41 DEBUG PackageRelationshipCollection:307 -Parsing relationship: /xl/worksheets/_rels/sheet1.xml.rels
2024-11-01 15:34:41 DEBUG PackageRelationshipCollection:307 -Parsing relationship: /_rels/.rels
2024-11-01 15:34:41 DEBUG PackageRelationshipCollection:307 -Parsing relationship: /xl/_rels/workbook.xml.rels
2024-11-01 15:34:41 DEBUG PackageRelationshipCollection:307 -Parsing relationship: /xl/worksheets/_rels/sheet1.xml.rels
2024-11-01 15:34:41 DEBUG PackageRelationshipCollection:307 -Parsing relationship: /_rels/.rels
2024-11-01 15:34:41 DEBUG PackageRelationshipCollection:307 -Parsing relationship: /xl/_rels/workbook.xml.rels
2024-11-01 15:34:41 DEBUG PackageRelationshipCollection:307 -Parsing relationship: /xl/worksheets/_rels/sheet1.xml.rels
2024-11-01 15:34:41 DEBUG PackageRelationshipCollection:307 -Parsing relationship: /_rels/.rels
2024-11-01 15:34:41 DEBUG PackageRelationshipCollection:307 -Parsing relationship: /xl/_rels/workbook.xml.rels
2024-11-01 15:34:41 DEBUG PackageRelationshipCollection:307 -Parsing relationship: /xl/worksheets/_rels/sheet1.xml.rels
2024-11-01 15:34:41 DEBUG PackageRelationshipCollection:307 -Parsing relationship: /_rels/.rels
2024-11-01 15:34:41 DEBUG PackageRelationshipCollection:307 -Parsing relationship: /xl/_rels/workbook.xml.rels
2024-11-01 15:34:41 DEBUG PackageRelationshipCollection:307 -Parsing relationship: /xl/worksheets/_rels/sheet1.xml.rels
2024-11-01 15:34:41 DEBUG PackageRelationshipCollection:307 -Parsing relationship: /_rels/.rels
2024-11-01 15:34:41 DEBUG PackageRelationshipCollection:307 -Parsing relationship: /xl/_rels/workbook.xml.rels
2024-11-01 15:34:41 DEBUG PackageRelationshipCollection:307 -Parsing relationship: /xl/worksheets/_rels/sheet1.xml.rels
2024-11-01 15:34:41 DEBUG PackageRelationshipCollection:307 -Parsing relationship: /_rels/.rels
2024-11-01 15:34:41 DEBUG PackageRelationshipCollection:307 -Parsing relationship: /xl/_rels/workbook.xml.rels
2024-11-01 15:34:41 DEBUG PackageRelationshipCollection:307 -Parsing relationship: /xl/worksheets/_rels/sheet1.xml.rels
2024-11-01 15:34:41 DEBUG PackageRelationshipCollection:307 -Parsing relationship: /_rels/.rels
2024-11-01 15:34:41 DEBUG PackageRelationshipCollection:307 -Parsing relationship: /xl/_rels/workbook.xml.rels
2024-11-01 15:34:41 DEBUG PackageRelationshipCollection:307 -Parsing relationship: /xl/worksheets/_rels/sheet1.xml.rels
2024-11-01 15:34:41 DEBUG PackageRelationshipCollection:307 -Parsing relationship: /_rels/.rels
2024-11-01 15:34:41 DEBUG PackageRelationshipCollection:307 -Parsing relationship: /xl/_rels/workbook.xml.rels
2024-11-01 15:34:41 DEBUG PackageRelationshipCollection:307 -Parsing relationship: /xl/worksheets/_rels/sheet1.xml.rels
2024-11-01 15:34:41 DEBUG PackageRelationshipCollection:307 -Parsing relationship: /_rels/.rels
2024-11-01 15:34:42 INFO  TC_003_LoginDDT:18 -*****Starting TC_003_LoginDDT***
2024-11-01 15:35:02 INFO  TC_003_LoginDDT:18 -*****Starting TC_003_LoginDDT***
2024-11-01 15:35:22 INFO  TC_003_LoginDDT:18 -*****Starting TC_003_LoginDDT***
2024-11-01 15:35:42 INFO  TC_003_LoginDDT:18 -*****Starting TC_003_LoginDDT***
2024-11-01 15:36:02 INFO  TC_003_LoginDDT:18 -*****Starting TC_003_LoginDDT***
2024-11-01 15:36:48 DEBUG TestNG:82 -suiteXmlPath: "C:\Users\USER\eclipse-workspace\OpencartV121\master.xml"
2024-11-01 15:36:48 INFO  Utils:112 -[TestNG] Running:
  C:\Users\USER\eclipse-workspace\OpencartV121\master.xml

2024-11-01 15:36:56 DEBUG PackageRelationshipCollection:307 -Parsing relationship: /xl/_rels/workbook.xml.rels
2024-11-01 15:36:56 DEBUG PackageRelationshipCollection:307 -Parsing relationship: /xl/worksheets/_rels/sheet1.xml.rels
2024-11-01 15:36:56 DEBUG PackageRelationshipCollection:307 -Parsing relationship: /_rels/.rels
2024-11-01 15:36:57 DEBUG PackageRelationshipCollection:307 -Parsing relationship: /xl/_rels/workbook.xml.rels
2024-11-01 15:36:57 DEBUG PackageRelationshipCollection:307 -Parsing relationship: /xl/worksheets/_rels/sheet1.xml.rels
2024-11-01 15:36:57 DEBUG PackageRelationshipCollection:307 -Parsing relationship: /_rels/.rels
2024-11-01 15:36:57 DEBUG PackageRelationshipCollection:307 -Parsing relationship: /xl/_rels/workbook.xml.rels
2024-11-01 15:36:57 DEBUG PackageRelationshipCollection:307 -Parsing relationship: /xl/worksheets/_rels/sheet1.xml.rels
2024-11-01 15:36:57 DEBUG PackageRelationshipCollection:307 -Parsing relationship: /_rels/.rels
2024-11-01 15:36:58 DEBUG PackageRelationshipCollection:307 -Parsing relationship: /xl/_rels/workbook.xml.rels
2024-11-01 15:36:58 DEBUG PackageRelationshipCollection:307 -Parsing relationship: /xl/worksheets/_rels/sheet1.xml.rels
2024-11-01 15:36:58 DEBUG PackageRelationshipCollection:307 -Parsing relationship: /_rels/.rels
2024-11-01 15:36:58 DEBUG PackageRelationshipCollection:307 -Parsing relationship: /xl/_rels/workbook.xml.rels
2024-11-01 15:36:58 DEBUG PackageRelationshipCollection:307 -Parsing relationship: /xl/worksheets/_rels/sheet1.xml.rels
2024-11-01 15:36:58 DEBUG PackageRelationshipCollection:307 -Parsing relationship: /_rels/.rels
2024-11-01 15:36:58 DEBUG PackageRelationshipCollection:307 -Parsing relationship: /xl/_rels/workbook.xml.rels
2024-11-01 15:36:58 DEBUG PackageRelationshipCollection:307 -Parsing relationship: /xl/worksheets/_rels/sheet1.xml.rels
2024-11-01 15:36:58 DEBUG PackageRelationshipCollection:307 -Parsing relationship: /_rels/.rels
2024-11-01 15:36:58 DEBUG PackageRelationshipCollection:307 -Parsing relationship: /xl/_rels/workbook.xml.rels
2024-11-01 15:36:58 DEBUG PackageRelationshipCollection:307 -Parsing relationship: /xl/worksheets/_rels/sheet1.xml.rels
2024-11-01 15:36:58 DEBUG PackageRelationshipCollection:307 -Parsing relationship: /_rels/.rels
2024-11-01 15:36:58 DEBUG PackageRelationshipCollection:307 -Parsing relationship: /xl/_rels/workbook.xml.rels
2024-11-01 15:36:58 DEBUG PackageRelationshipCollection:307 -Parsing relationship: /xl/worksheets/_rels/sheet1.xml.rels
2024-11-01 15:36:58 DEBUG PackageRelationshipCollection:307 -Parsing relationship: /_rels/.rels
2024-11-01 15:36:58 DEBUG PackageRelationshipCollection:307 -Parsing relationship: /xl/_rels/workbook.xml.rels
2024-11-01 15:36:58 DEBUG PackageRelationshipCollection:307 -Parsing relationship: /xl/worksheets/_rels/sheet1.xml.rels
2024-11-01 15:36:58 DEBUG PackageRelationshipCollection:307 -Parsing relationship: /_rels/.rels
2024-11-01 15:36:58 DEBUG PackageRelationshipCollection:307 -Parsing relationship: /xl/_rels/workbook.xml.rels
2024-11-01 15:36:58 DEBUG PackageRelationshipCollection:307 -Parsing relationship: /xl/worksheets/_rels/sheet1.xml.rels
2024-11-01 15:36:58 DEBUG PackageRelationshipCollection:307 -Parsing relationship: /_rels/.rels
2024-11-01 15:36:58 DEBUG PackageRelationshipCollection:307 -Parsing relationship: /xl/_rels/workbook.xml.rels
2024-11-01 15:36:58 DEBUG PackageRelationshipCollection:307 -Parsing relationship: /xl/worksheets/_rels/sheet1.xml.rels
2024-11-01 15:36:58 DEBUG PackageRelationshipCollection:307 -Parsing relationship: /_rels/.rels
2024-11-01 15:36:58 DEBUG PackageRelationshipCollection:307 -Parsing relationship: /xl/_rels/workbook.xml.rels
2024-11-01 15:36:58 DEBUG PackageRelationshipCollection:307 -Parsing relationship: /xl/worksheets/_rels/sheet1.xml.rels
2024-11-01 15:36:58 DEBUG PackageRelationshipCollection:307 -Parsing relationship: /_rels/.rels
2024-11-01 15:36:58 DEBUG PackageRelationshipCollection:307 -Parsing relationship: /xl/_rels/workbook.xml.rels
2024-11-01 15:36:58 DEBUG PackageRelationshipCollection:307 -Parsing relationship: /xl/worksheets/_rels/sheet1.xml.rels
2024-11-01 15:36:58 DEBUG PackageRelationshipCollection:307 -Parsing relationship: /_rels/.rels
2024-11-01 15:36:58 DEBUG PackageRelationshipCollection:307 -Parsing relationship: /xl/_rels/workbook.xml.rels
2024-11-01 15:36:58 DEBUG PackageRelationshipCollection:307 -Parsing relationship: /xl/worksheets/_rels/sheet1.xml.rels
2024-11-01 15:36:58 DEBUG PackageRelationshipCollection:307 -Parsing relationship: /_rels/.rels
2024-11-01 15:36:58 INFO  TC_003_LoginDDT:18 -*****Starting TC_003_LoginDDT***
2024-11-01 15:37:20 INFO  TC_003_LoginDDT:18 -*****Starting TC_003_LoginDDT***
2024-11-01 15:37:21 INFO  TC_003_LoginDDT:18 -*****Starting TC_003_LoginDDT***
2024-11-01 15:37:22 INFO  TC_003_LoginDDT:18 -*****Starting TC_003_LoginDDT***
2024-11-01 15:37:23 INFO  TC_003_LoginDDT:18 -*****Starting TC_003_LoginDDT***
